<?xml version="1.0" encoding="UTF-8"?>
<!-- Generated by org.testng.reporters.JUnitXMLReporter -->
<testsuite hostname="RichaHome" name="Default test" tests="6" failures="1" timestamp="19 Aug 2017 23:18:37 GMT" time="159.077" errors="0">
  <testcase name="basetest" time="32.278" classname="com.itelearn.TestBase.BaseTest"/>
  <testcase name="loginDataSet" time="21.389" classname="com.itelearn.dataProviders.dataSetsTest"/>
  <testcase name="loginDataSet" time="23.89" classname="com.itelearn.dataProviders.dataSetsTest"/>
  <testcase name="loginDataSet" time="25.643" classname="com.itelearn.dataProviders.ExcelDDF">
    <failure type="java.lang.NullPointerException">
      <![CDATA[java.lang.NullPointerException
	at com.itelearn.dataProviders.ExcelDDF.loginDataSet(ExcelDDF.java:82)
... Removed 27 stack frames]]>
    </failure>
  </testcase> <!-- loginDataSet -->
  <testcase name="loginDataSet" time="22.657" classname="com.itelearn.dataProviders.ExcelDDF"/>
  <testcase name="loginDataSet" time="22.176" classname="com.itelearn.dataProviders.ExcelDDF"/>
</testsuite> <!-- Default test -->
