<?xml version="1.0" encoding="UTF-8"?>
<testng-results skipped="0" failed="0" total="1" passed="1">
  <reporter-output>
  </reporter-output>
  <suite name="Default suite" duration-ms="43365" started-at="2017-08-24T17:20:11Z" finished-at="2017-08-24T17:20:54Z">
    <groups>
    </groups>
    <test name="Default test" duration-ms="43365" started-at="2017-08-24T17:20:11Z" finished-at="2017-08-24T17:20:54Z">
      <class name="com.itelearn.TestBase.BaseTest">
        <test-method status="PASS" signature="basetest()[pri:0, instance:com.itelearn.TestBase.BaseTest@2b4bac49]" name="basetest" duration-ms="40816" started-at="2017-08-24T10:20:11Z" finished-at="2017-08-24T10:20:51Z">
          <reporter-output>
          </reporter-output>
        </test-method> <!-- basetest -->
        <test-method status="PASS" signature="teardown()[pri:0, instance:com.itelearn.TestBase.BaseTest@2b4bac49]" name="teardown" is-config="true" duration-ms="2492" started-at="2017-08-24T10:20:51Z" finished-at="2017-08-24T10:20:54Z">
          <reporter-output>
          </reporter-output>
        </test-method> <!-- teardown -->
      </class> <!-- com.itelearn.TestBase.BaseTest -->
    </test> <!-- Default test -->
  </suite> <!-- Default suite -->
</testng-results>
