<?xml version="1.0" encoding="UTF-8"?>
<testng-results skipped="0" failed="1" total="6" passed="5">
  <reporter-output>
  </reporter-output>
  <suite name="Default suite" duration-ms="159077" started-at="2017-08-19T23:15:57Z" finished-at="2017-08-19T23:18:37Z">
    <groups>
    </groups>
    <test name="Default test" duration-ms="159077" started-at="2017-08-19T23:15:57Z" finished-at="2017-08-19T23:18:37Z">
      <class name="com.itelearn.TestBase.BaseTest">
        <test-method status="PASS" signature="basetest()[pri:0, instance:com.itelearn.TestBase.BaseTest@28701274]" name="basetest" duration-ms="32278" started-at="2017-08-19T16:15:58Z" finished-at="2017-08-19T16:16:30Z">
          <reporter-output>
          </reporter-output>
        </test-method> <!-- basetest -->
        <test-method status="PASS" signature="teardown()[pri:0, instance:com.itelearn.TestBase.BaseTest@28701274]" name="teardown" is-config="true" duration-ms="5453" started-at="2017-08-19T16:18:31Z" finished-at="2017-08-19T16:18:37Z">
          <reporter-output>
          </reporter-output>
        </test-method> <!-- teardown -->
      </class> <!-- com.itelearn.TestBase.BaseTest -->
      <class name="com.itelearn.dataProviders.ExcelDDF">
        <test-method status="PASS" signature="settingBrowserProperties()[pri:0, instance:com.itelearn.dataProviders.ExcelDDF@36fc695d]" name="settingBrowserProperties" is-config="true" duration-ms="28" started-at="2017-08-19T16:15:58Z" finished-at="2017-08-19T16:15:58Z">
          <reporter-output>
          </reporter-output>
        </test-method> <!-- settingBrowserProperties -->
        <test-method status="PASS" signature="settingBrowserProperties()[pri:0, instance:com.itelearn.dataProviders.dataSetsTest@2b71e916]" name="settingBrowserProperties" is-config="true" duration-ms="0" started-at="2017-08-19T16:15:58Z" finished-at="2017-08-19T16:15:58Z">
          <reporter-output>
          </reporter-output>
        </test-method> <!-- settingBrowserProperties -->
        <test-method status="FAIL" signature="loginDataSet(java.lang.String, java.lang.String)[pri:0, instance:com.itelearn.dataProviders.ExcelDDF@36fc695d]" name="loginDataSet" duration-ms="25643" started-at="2017-08-19T16:17:19Z" data-provider="testdata" finished-at="2017-08-19T16:17:44Z">
          <params>
            <param index="0">
              <value is-null="true"/>
            </param>
            <param index="1">
              <value is-null="true"/>
            </param>
          </params>
          <exception class="java.lang.NullPointerException">
            <full-stacktrace>
              <![CDATA[java.lang.NullPointerException
	at com.itelearn.dataProviders.ExcelDDF.loginDataSet(ExcelDDF.java:82)
	at sun.reflect.NativeMethodAccessorImpl.invoke0(Native Method)
	at sun.reflect.NativeMethodAccessorImpl.invoke(Unknown Source)
	at sun.reflect.DelegatingMethodAccessorImpl.invoke(Unknown Source)
	at java.lang.reflect.Method.invoke(Unknown Source)
	at org.testng.internal.MethodInvocationHelper.invokeMethod(MethodInvocationHelper.java:85)
	at org.testng.internal.Invoker.invokeMethod(Invoker.java:639)
	at org.testng.internal.Invoker.invokeTestMethod(Invoker.java:816)
	at org.testng.internal.Invoker.invokeTestMethods(Invoker.java:1124)
	at org.testng.internal.TestMethodWorker.invokeTestMethods(TestMethodWorker.java:125)
	at org.testng.internal.TestMethodWorker.run(TestMethodWorker.java:108)
	at org.testng.TestRunner.privateRun(TestRunner.java:774)
	at org.testng.TestRunner.run(TestRunner.java:624)
	at org.testng.SuiteRunner.runTest(SuiteRunner.java:359)
	at org.testng.SuiteRunner.runSequentially(SuiteRunner.java:354)
	at org.testng.SuiteRunner.privateRun(SuiteRunner.java:312)
	at org.testng.SuiteRunner.run(SuiteRunner.java:261)
	at org.testng.SuiteRunnerWorker.runSuite(SuiteRunnerWorker.java:52)
	at org.testng.SuiteRunnerWorker.run(SuiteRunnerWorker.java:86)
	at org.testng.TestNG.runSuitesSequentially(TestNG.java:1191)
	at org.testng.TestNG.runSuitesLocally(TestNG.java:1116)
	at org.testng.TestNG.run(TestNG.java:1024)
	at org.apache.maven.surefire.testng.TestNGExecutor.run(TestNGExecutor.java:283)
	at org.apache.maven.surefire.testng.TestNGXmlTestSuite.execute(TestNGXmlTestSuite.java:75)
	at org.apache.maven.surefire.testng.TestNGProvider.invoke(TestNGProvider.java:120)
	at org.apache.maven.surefire.booter.ForkedBooter.invokeProviderInSameClassLoader(ForkedBooter.java:386)
	at org.apache.maven.surefire.booter.ForkedBooter.runSuitesInProcess(ForkedBooter.java:323)
	at org.apache.maven.surefire.booter.ForkedBooter.main(ForkedBooter.java:143)
]]>
            </full-stacktrace>
          </exception> <!-- java.lang.NullPointerException -->
          <reporter-output>
          </reporter-output>
        </test-method> <!-- loginDataSet -->
        <test-method status="PASS" signature="loginDataSet(java.lang.String, java.lang.String)[pri:0, instance:com.itelearn.dataProviders.ExcelDDF@36fc695d]" name="loginDataSet" duration-ms="22657" started-at="2017-08-19T16:17:44Z" data-provider="testdata" finished-at="2017-08-19T16:18:07Z">
          <params>
            <param index="0">
              <value>
                <![CDATA[annl@gmail.com]]>
              </value>
            </param>
            <param index="1">
              <value>
                <![CDATA[12345.0]]>
              </value>
            </param>
          </params>
          <reporter-output>
          </reporter-output>
        </test-method> <!-- loginDataSet -->
        <test-method status="PASS" signature="loginDataSet(java.lang.String, java.lang.String)[pri:0, instance:com.itelearn.dataProviders.ExcelDDF@36fc695d]" name="loginDataSet" duration-ms="22176" started-at="2017-08-19T16:18:08Z" data-provider="testdata" finished-at="2017-08-19T16:18:30Z">
          <params>
            <param index="0">
              <value>
                <![CDATA[tomt@gmail.com]]>
              </value>
            </param>
            <param index="1">
              <value>
                <![CDATA[123456.0]]>
              </value>
            </param>
          </params>
          <reporter-output>
          </reporter-output>
        </test-method> <!-- loginDataSet -->
      </class> <!-- com.itelearn.dataProviders.ExcelDDF -->
      <class name="com.itelearn.dataProviders.dataSetsTest">
        <test-method status="PASS" signature="initialization()[pri:0, instance:com.itelearn.dataProviders.dataSetsTest@2b71e916]" name="initialization" is-config="true" duration-ms="4" started-at="2017-08-19T16:16:31Z" finished-at="2017-08-19T16:16:31Z">
          <reporter-output>
          </reporter-output>
        </test-method> <!-- initialization -->
        <test-method status="PASS" signature="loginDataSet(java.lang.String, java.lang.String)[pri:0, instance:com.itelearn.dataProviders.dataSetsTest@2b71e916]" name="loginDataSet" duration-ms="21389" started-at="2017-08-19T16:16:31Z" data-provider="logindata" finished-at="2017-08-19T16:16:53Z">
          <params>
            <param index="0">
              <value>
                <![CDATA[tomt@gmail.com]]>
              </value>
            </param>
            <param index="1">
              <value>
                <![CDATA[123456]]>
              </value>
            </param>
          </params>
          <reporter-output>
          </reporter-output>
        </test-method> <!-- loginDataSet -->
        <test-method status="PASS" signature="initialization()[pri:0, instance:com.itelearn.dataProviders.dataSetsTest@2b71e916]" name="initialization" is-config="true" duration-ms="1" started-at="2017-08-19T16:16:54Z" finished-at="2017-08-19T16:16:54Z">
          <reporter-output>
          </reporter-output>
        </test-method> <!-- initialization -->
        <test-method status="PASS" signature="loginDataSet(java.lang.String, java.lang.String)[pri:0, instance:com.itelearn.dataProviders.dataSetsTest@2b71e916]" name="loginDataSet" duration-ms="23890" started-at="2017-08-19T16:16:54Z" data-provider="logindata" finished-at="2017-08-19T16:17:17Z">
          <params>
            <param index="0">
              <value>
                <![CDATA[annl@gmail.com]]>
              </value>
            </param>
            <param index="1">
              <value>
                <![CDATA[12345]]>
              </value>
            </param>
          </params>
          <reporter-output>
          </reporter-output>
        </test-method> <!-- loginDataSet -->
      </class> <!-- com.itelearn.dataProviders.dataSetsTest -->
    </test> <!-- Default test -->
  </suite> <!-- Default suite -->
</testng-results>
