<?xml version="1.0" encoding="UTF-8"?>
<testsuite xmlns:xsi="http://www.w3.org/2001/XMLSchema-instance" xsi:noNamespaceSchemaLocation="https://maven.apache.org/surefire/maven-surefire-plugin/xsd/surefire-test-report.xsd" name="TestSuite" time="167.759" tests="6" errors="0" skipped="0" failures="1">
  <properties>
[...]
</properties>
  <testcase name="basetest" classname="com.itelearn.TestBase.BaseTest" time="32.297"/>
  <testcase name="loginDataSet" classname="com.itelearn.dataProviders.dataSetsTest" time="21.39"/>
  <testcase name="loginDataSet" classname="com.itelearn.dataProviders.dataSetsTest" time="23.892"/>
  <testcase name="loginDataSet" classname="com.itelearn.dataProviders.ExcelDDF" time="25.65">
    <failure type="java.lang.NullPointerException">java.lang.NullPointerException
	at com.itelearn.dataProviders.ExcelDDF.loginDataSet(ExcelDDF.java:82)
</failure>
    <system-out><![CDATA[Screenshot taken!!!!!!!!!
+++++++++++++++Reading Excel Sheet+++++++++
Sheet1 data is :null
Sheet1 data is :null
Sheet1 data is :annl@gmail.com
Sheet1 data is :12345.0
Sheet1 data is :tomt@gmail.com
Sheet1 data is :123456.0
+++++++++++++++Reading Excel Sheet+++++++++
16:17:19.313 [main] INFO  com.itelearn.Utility.SeleniumHelperTest - -----------Opening the Browser---------
16:17:24.142 [main] INFO  com.itelearn.Utility.SeleniumHelperTest - Opening Chrome browser
16:17:24.142 [main] INFO  com.itelearn.Utility.SeleniumHelperTest - -----------Navigate to the URL---------
16:17:24.142 [main] INFO  com.itelearn.Utility.SeleniumHelperTest - Navigating to url 
16:17:37.750 [main] INFO  com.itelearn.Utility.SeleniumHelperTest - -----------Maximizing the Window---------
16:17:39.029 [main] INFO  com.itelearn.Utility.SeleniumHelperTest - -----------Clicking the Link---------html/body/header/div/div/div[4]/div/ul/li[1]/a
16:17:39.030 [main] INFO  com.itelearn.Utility.SeleniumHelperTest - The element type is:xpath
UserName is :Username
]]></system-out>
    <system-err><![CDATA[Starting ChromeDriver 2.30.477700 (0057494ad8732195794a7b32078424f92a5fce41) on port 24970
Only local connections are allowed.
Aug 19, 2017 4:17:24 PM org.openqa.selenium.remote.ProtocolHandshake createSession
INFO: Detected dialect: OSS
]]></system-err>
  </testcase>
  <testcase name="loginDataSet" classname="com.itelearn.dataProviders.ExcelDDF" time="22.655"/>
  <testcase name="loginDataSet" classname="com.itelearn.dataProviders.ExcelDDF" time="22.176"/>
</testsuite>