<?xml version="1.0" encoding="UTF-8"?>
<!-- Generated by org.testng.reporters.JUnitXMLReporter -->
<testsuite hostname="RichaHome" name="Test" tests="3" failures="2" timestamp="14 Aug 2017 22:39:10 GMT" time="2.531" errors="0">
  <testcase name="@AfterTest teardown" time="0.0" classname="com.itelearn.TestBase.BaseTest">
    <failure type="java.lang.NullPointerException">
      <![CDATA[java.lang.NullPointerException
	at com.itelearn.TestBase.BaseTest.teardown(BaseTest.java:101)
... Removed 22 stack frames]]>
    </failure>
  </testcase> <!-- @AfterTest teardown -->
  <testcase name="loginDataSet" time="1.111" classname="com.itelearn.dataProviders.dataSetsTest">
    <failure type="java.lang.NullPointerException" message="key can&amp;apos;t be null">
      <![CDATA[java.lang.NullPointerException: key can't be null
	at java.lang.System.checkKey(Unknown Source)
	at java.lang.System.setProperty(Unknown Source)
	at com.itelearn.Utility.SeleniumHelperTest.openBwsr(SeleniumHelperTest.java:102)
	at com.itelearn.Utility.SeleniumHelperTest.execute(SeleniumHelperTest.java:29)
	at com.itelearn.dataProviders.dataSetsTest.loginDataSet(dataSetsTest.java:74)
... Removed 24 stack frames]]>
    </failure>
  </testcase> <!-- loginDataSet -->
  <testcase name="loginDataSet" time="0.499" classname="com.itelearn.dataProviders.dataSetsTest">
    <failure type="java.lang.NullPointerException" message="key can&amp;apos;t be null">
      <![CDATA[java.lang.NullPointerException: key can't be null
	at java.lang.System.checkKey(Unknown Source)
	at java.lang.System.setProperty(Unknown Source)
	at com.itelearn.Utility.SeleniumHelperTest.openBwsr(SeleniumHelperTest.java:102)
	at com.itelearn.Utility.SeleniumHelperTest.execute(SeleniumHelperTest.java:29)
	at com.itelearn.dataProviders.dataSetsTest.loginDataSet(dataSetsTest.java:74)
... Removed 24 stack frames]]>
    </failure>
  </testcase> <!-- loginDataSet -->
  <testcase name="basetest" time="0.633" classname="com.itelearn.TestBase.BaseTest"/>
</testsuite> <!-- Test -->
